
SQL*Loader: Release 19.0.0.0.0 - Production on Ven. Févr. 26 19:07:00 2021
Version 19.3.0.0.0

Copyright (c) 1982, 2019, Oracle and/or its affiliates.  All rights reserved.

Fichier de contrôle :   control.ctl
Fichier de données :      ../../Data/Catalogue.csv
  Fichier des enregistrements refusés :     Catalogue.bad
  Fichier de rebut :  aucune spécification

 (Allouer tous les rebuts)

Nombre à charger : ALL
Nombre à ignorer : 1
Erreurs autorisés : 100000
Tableau de variables :     250 lignes, maximum de 1048576 octets
Continuation :    aucune spécification
Chemin utilisé:      Classique

Table CATALOGUE, chargé à partir de chaque enregistrement physique.
Option d'insertion en vigueur pour cette table : INSERT
option TRAILING NULLCOLS effective

   Nom de colonne                  Position   Long  Type de données encadr.
------------------------------ ---------- ----- ---- ---- ---------------------
MARQUE                              FIRST     *   ,  O(") CHARACTER            
NOM                                  NEXT     *   ,  O(") CHARACTER            
PUISSANCE                            NEXT     *   ,  O(") CHARACTER            
LONGUEUR                             NEXT     *   ,  O(") CHARACTER            
NBPLACES                             NEXT     *   ,  O(") CHARACTER            
NBPORTES                             NEXT     *   ,  O(") CHARACTER            
COULEUR                              NEXT     *   ,  O(") CHARACTER            
OCCASION                             NEXT     *   ,  O(") CHARACTER            
PRIX                                 NEXT     *   ,  O(") CHARACTER            

SQL*Loader-941 : Erreur lors de la description de la table CATALOGUE
ORA-04043: objet CATALOGUE inexistant

